Exporter version: 2.93.5, Blender version: 3.3.1
========= Conversion from Blender to Babylon.js =========
	Scene settings used :
		Inline textures     :  false
		Material Type       :  PBR
		Positions Precision :  4
		Normals Precision   :  3
		UVs Precision       :  3
		Vert Color Precision:  3
		Mat Weight Precision:  2
		Keep Z-up r-handed  :  no
		Texture directory   :  C:\games\2.2.1\public\
	Python World class constructor completed
	processing begun of skeleton:  Armature, id:  0
		processing begun of bone:  mixamorig:Hips, index:  0
		processing begun of bone:  mixamorig:Spine, index:  1
		processing begun of bone:  mixamorig:Spine1, index:  2
		processing begun of bone:  mixamorig:Spine2, index:  3
		processing begun of bone:  mixamorig:Neck, index:  4
		processing begun of bone:  mixamorig:Head, index:  5
		processing begun of bone:  mixamorig:HeadTop_End, index:  6
		processing begun of bone:  mixamorig:RightEye, index:  7
		processing begun of bone:  mixamorig:LeftShoulder, index:  8
		processing begun of bone:  mixamorig:LeftArm, index:  9
		processing begun of bone:  mixamorig:LeftForeArm, index:  10
		processing begun of bone:  mixamorig:LeftHand, index:  11
		processing begun of bone:  mixamorig:LeftHandThumb1, index:  12
		processing begun of bone:  mixamorig:LeftHandThumb2, index:  13
		processing begun of bone:  mixamorig:LeftHandThumb3, index:  14
		processing begun of bone:  mixamorig:LeftHandThumb4, index:  15
		processing begun of bone:  mixamorig:LeftHandIndex1, index:  16
		processing begun of bone:  mixamorig:LeftHandIndex2, index:  17
		processing begun of bone:  mixamorig:LeftHandIndex3, index:  18
		processing begun of bone:  mixamorig:LeftHandIndex4, index:  19
		processing begun of bone:  mixamorig:LeftHandMiddle1, index:  20
		processing begun of bone:  mixamorig:LeftHandMiddle2, index:  21
		processing begun of bone:  mixamorig:LeftHandMiddle3, index:  22
		processing begun of bone:  mixamorig:LeftHandMiddle4, index:  23
		processing begun of bone:  mixamorig:LeftHandRing1, index:  24
		processing begun of bone:  mixamorig:LeftHandRing2, index:  25
		processing begun of bone:  mixamorig:LeftHandRing3, index:  26
		processing begun of bone:  mixamorig:LeftHandRing4, index:  27
		processing begun of bone:  mixamorig:LeftHandPinky1, index:  28
		processing begun of bone:  mixamorig:LeftHandPinky2, index:  29
		processing begun of bone:  mixamorig:LeftHandPinky3, index:  30
		processing begun of bone:  mixamorig:LeftHandPinky4, index:  31
		processing begun of bone:  mixamorig:RightShoulder, index:  32
		processing begun of bone:  mixamorig:RightArm, index:  33
		processing begun of bone:  mixamorig:RightForeArm, index:  34
		processing begun of bone:  mixamorig:RightHand, index:  35
		processing begun of bone:  mixamorig:RightHandThumb1, index:  36
		processing begun of bone:  mixamorig:RightHandThumb2, index:  37
		processing begun of bone:  mixamorig:RightHandThumb3, index:  38
		processing begun of bone:  mixamorig:RightHandThumb4, index:  39
		processing begun of bone:  mixamorig:RightHandIndex1, index:  40
		processing begun of bone:  mixamorig:RightHandIndex2, index:  41
		processing begun of bone:  mixamorig:RightHandIndex3, index:  42
		processing begun of bone:  mixamorig:RightHandIndex4, index:  43
		processing begun of bone:  mixamorig:RightHandMiddle1, index:  44
		processing begun of bone:  mixamorig:RightHandMiddle2, index:  45
		processing begun of bone:  mixamorig:RightHandMiddle3, index:  46
		processing begun of bone:  mixamorig:RightHandMiddle4, index:  47
		processing begun of bone:  mixamorig:RightHandRing1, index:  48
		processing begun of bone:  mixamorig:RightHandRing2, index:  49
		processing begun of bone:  mixamorig:RightHandRing3, index:  50
		processing begun of bone:  mixamorig:RightHandRing4, index:  51
		processing begun of bone:  mixamorig:RightHandPinky1, index:  52
		processing begun of bone:  mixamorig:RightHandPinky2, index:  53
		processing begun of bone:  mixamorig:RightHandPinky3, index:  54
		processing begun of bone:  mixamorig:RightHandPinky4, index:  55
		processing begun of bone:  mixamorig:LeftUpLeg, index:  56
		processing begun of bone:  mixamorig:LeftLeg, index:  57
		processing begun of bone:  mixamorig:LeftFoot, index:  58
		processing begun of bone:  mixamorig:LeftToeBase, index:  59
		processing begun of bone:  mixamorig:LeftToe_End, index:  60
		processing begun of bone:  mixamorig:RightUpLeg, index:  61
		processing begun of bone:  mixamorig:RightLeg, index:  62
		processing begun of bone:  mixamorig:RightFoot, index:  63
		processing begun of bone:  mixamorig:RightToeBase, index:  64
		processing begun of bone:  mixamorig:RightToe_End, index:  65
		processing action Armature.001|mixamo.com|Layer0:  in[1 - 56], out[0 - 56]
		processing action Armature.002|mixamo.com|Layer0:  in[1 - 106], out[70 - 176]
		processing action Armature|mixamo.com|Layer0:  in[1 - 84], out[190 - 274]
	processing begun of camera (UniversalCamera):  Camera
	processing begun of mesh:  Head_Hands
		processing begun of material:  Knight_MAT2
			processing texture Knight_normal
				texture type:  bumpTexture, mapped using: "map1"
			processing texture Knight_diffuse
				texture type:  diffuseTexture, mapped using: "map1"
			processing texture Knight_specular
				texture type:  specularTexture, mapped using: "map1"
		Custom split normals with tangents being used
		num positions      :  3797
		num normals        :  3797
		num tangents       :  15188
		num uvs            :  7594
		num uvs2           :  0
		num colors         :  0
		num triangles      :  5330
		Skeleton stats:  
			Total Influencers:  6265
			Avg # of influencers per vertex:  1.65
			Highest # of influencers observed:  4, num vertices with this:  14
			exported as 4 influencers
			num skeletonWeights and skeletonIndices:  15188
	processing begun of mesh:  Lower_Armor
		processing begun of material:  Knight_MAT2
		registered as also a user of material:  Knight_MAT2
		Custom split normals with tangents being used
		num positions      :  5029
		num normals        :  5029
		num tangents       :  20116
		num uvs            :  10058
		num uvs2           :  0
		num colors         :  0
		num triangles      :  4542
		Skeleton stats:  
			Total Influencers:  7945
			Avg # of influencers per vertex:  1.5798
			Highest # of influencers observed:  4, num vertices with this:  146
			exported as 4 influencers
			num skeletonWeights and skeletonIndices:  20116
	processing begun of mesh:  Body
		processing begun of material:  Knight_MAT2
		registered as also a user of material:  Knight_MAT2
		Custom split normals with tangents being used
		num positions      :  3463
		num normals        :  3463
		num tangents       :  13852
		num uvs            :  6926
		num uvs2           :  0
		num colors         :  0
		num triangles      :  3252
		Skeleton stats:  
			Total Influencers:  4314
			Avg # of influencers per vertex:  1.2457
			Highest # of influencers observed:  2, num vertices with this:  851
			exported as 2 influencers
			num skeletonWeights and skeletonIndices:  13852
	processing begun of light (POINT):  Light
========= Writing of JSON file started =========
	writing mesh:  Head_Hands
	writing mesh:  Lower_Armor
	writing mesh:  Body
========= Writing of JSON file completed =========
========= end of processing =========
elapsed time:  0 min, 15.2815 secs
