Exporter version: 3.3.0, Blender version: 3.4.0
========= Conversion from Blender to Babylon.js =========
	Scene settings used :
		Inline textures     :  false
		Material Type       :  PBR
		Positions Precision :  4
		Normals Precision   :  3
		UVs Precision       :  3
		Vert Color Precision:  3
		Mat Weight Precision:  2
		Keep Z-up r-handed  :  no
		Texture directory   :  C:\games\gui41\public\models\
	Python World class constructor completed
	processing begun of node:  Sketchfab_model
	processing begun of node:  Root
	processing begun of node:  Lamp
	processing begun of node:  Lamp.001
	processing begun of node:  Cube
	processing begun of mesh:  Cube_0
		processing begun of material:  Material.001
			processing texture 
				WARNING: Exception during copy:
					Ошибка: Не удалось сохранить изображение: Permission denied
Ошибка: Изображение «Image_1» не может быть сохранено в «C:\games\gui41\public\models\.»

			processing texture 
				WARNING: Exception during copy:
					Ошибка: Не удалось сохранить изображение: Permission denied
Ошибка: Изображение «Image_0» не может быть сохранено в «C:\games\gui41\public\models\.»

			processing texture 
				WARNING: Exception during copy:
					Ошибка: Не удалось сохранить изображение: Permission denied
Ошибка: Изображение «Image_0» не может быть сохранено в «C:\games\gui41\public\models\.»

		Custom split normals with tangents being used
		num positions      :  2897
		num normals        :  2897
		num tangents       :  11588
		num uvs            :  5794
		num uvs2           :  0
		num colors         :  0
		num triangles      :  2479
	processing begun of mesh:  Cube_1
		processing begun of material:  white_light
			processing texture 
				WARNING: Exception during copy:
					Ошибка: Не удалось сохранить изображение: Permission denied
Ошибка: Изображение «Image_0» не может быть сохранено в «C:\games\gui41\public\models\.»

		Custom split normals with tangents being used
		num positions      :  40
		num normals        :  40
		num tangents       :  160
		num uvs            :  80
		num uvs2           :  0
		num colors         :  0
		num triangles      :  20
	processing begun of mesh:  Cube_2
		processing begun of material:  blue_light
			processing texture 
				WARNING: Exception during copy:
					Ошибка: Не удалось сохранить изображение: Permission denied
Ошибка: Изображение «Image_0» не может быть сохранено в «C:\games\gui41\public\models\.»

		Custom split normals with tangents being used
		num positions      :  1078
		num normals        :  1078
		num tangents       :  4312
		num uvs            :  2156
		num uvs2           :  0
		num colors         :  0
		num triangles      :  360
	processing begun of mesh:  Cube_3
		processing begun of material:  floor_light
			processing texture 
				WARNING: Exception during copy:
					Ошибка: Не удалось сохранить изображение: Permission denied
Ошибка: Изображение «Image_0» не может быть сохранено в «C:\games\gui41\public\models\.»

		Custom split normals with tangents being used
		num positions      :  48
		num normals        :  48
		num tangents       :  192
		num uvs            :  96
		num uvs2           :  0
		num colors         :  0
		num triangles      :  24
	processing begun of mesh:  Цилиндр
		processing begun of material:  Материал
			processing texture 
				WARNING: Exception during copy:
					Ошибка: Не удалось сохранить изображение: Permission denied
Ошибка: Изображение «barrell800» не может быть сохранено в «C:\games\gui41\public\models\.»

		Custom split normals with tangents being used
		num positions      :  192
		num normals        :  192
		num tangents       :  768
		num uvs            :  384
		num uvs2           :  0
		num colors         :  0
		num triangles      :  124
	processing begun of camera (UniversalCamera):  Камера
	processing begun of node:  Sketchfab_model.002
	processing begun of node:  b1e9620478a74e2d8478fd2c9198f528.fbx.002
	processing begun of node:  RootNode.002
	processing begun of node:  base
	processing begun of mesh:  base_Glass_0
		processing begun of material:  Glass.001
			WARNING: unsupported node type(ShaderNodeSeparateColor) will trigger baking
			WARNING: unsupported node type(ShaderNodeSeparateColor) will trigger baking
			WARNING: unsupported node type(ShaderNodeMath) will trigger baking
			WARNING: Metal channel baking required, but not possible, ignored
			WARNING: Roughness channel baking required, but not possible, ignored
			processing texture 
				WARNING: Exception during copy:
					Ошибка: Не удалось сохранить изображение: Permission denied
Ошибка: Изображение «Image_6» не может быть сохранено в «C:\games\gui41\public\models\.»

			processing texture 
				WARNING: Exception during copy:
					Ошибка: Не удалось сохранить изображение: Permission denied
Ошибка: Изображение «Image_7» не может быть сохранено в «C:\games\gui41\public\models\.»

			processing texture 
				WARNING: Exception during copy:
					Ошибка: Не удалось сохранить изображение: Permission denied
Ошибка: Изображение «Image_7» не может быть сохранено в «C:\games\gui41\public\models\.»

			bake time:  0 min, 0.0325 secs
		Custom split normals with tangents being used
		num positions      :  52
		num normals        :  52
		num tangents       :  208
		num uvs            :  104
		num uvs2           :  0
		num colors         :  0
		num triangles      :  44
	processing begun of mesh:  base_Inside Fabric_0
		processing begun of material:  Inside_Fabric.001
			WARNING: unsupported node type(ShaderNodeSeparateColor) will trigger baking
			WARNING: unsupported node type(ShaderNodeSeparateColor) will trigger baking
			WARNING: Metal channel baking required, but not possible, ignored
			WARNING: Roughness channel baking required, but not possible, ignored
			processing texture 
				WARNING: Exception during copy:
					Ошибка: Не удалось сохранить изображение: Permission denied
Ошибка: Изображение «Image_10» не может быть сохранено в «C:\games\gui41\public\models\.»

			processing texture 
				WARNING: Exception during copy:
					Ошибка: Не удалось сохранить изображение: Permission denied
Ошибка: Изображение «Image_8» не может быть сохранено в «C:\games\gui41\public\models\.»

			processing texture 
				WARNING: Exception during copy:
					Ошибка: Не удалось сохранить изображение: Permission denied
Ошибка: Изображение «Image_9» не может быть сохранено в «C:\games\gui41\public\models\.»

			processing texture 
				WARNING: Exception during copy:
					Ошибка: Не удалось сохранить изображение: Permission denied
Ошибка: Изображение «Image_9» не может быть сохранено в «C:\games\gui41\public\models\.»

			bake time:  0 min, 0.2138 secs
		Custom split normals with tangents being used
		num positions      :  5143
		num normals        :  5143
		num tangents       :  20572
		num uvs            :  10286
		num uvs2           :  0
		num colors         :  0
		num triangles      :  5406
	processing begun of mesh:  base_Inside_0
		processing begun of material:  Inside.001
			WARNING: unsupported node type(ShaderNodeSeparateColor) will trigger baking
			WARNING: unsupported node type(ShaderNodeMath) will trigger baking
			WARNING: unsupported node type(ShaderNodeSeparateColor) will trigger baking
			WARNING: Metal channel baking required, but not possible, ignored
			WARNING: Roughness channel baking required, but not possible, ignored
			processing texture 
				WARNING: Exception during copy:
					Ошибка: Не удалось сохранить изображение: Permission denied
Ошибка: Изображение «Image_4» не может быть сохранено в «C:\games\gui41\public\models\.»

			processing texture 
				WARNING: Exception during copy:
					Ошибка: Не удалось сохранить изображение: Permission denied
Ошибка: Изображение «Image_5» не может быть сохранено в «C:\games\gui41\public\models\.»

			processing texture 
				WARNING: Exception during copy:
					Ошибка: Не удалось сохранить изображение: Permission denied
Ошибка: Изображение «Image_5» не может быть сохранено в «C:\games\gui41\public\models\.»

			bake time:  0 min, 0.008 secs
		Custom split normals with tangents being used
		num positions      :  298
		num normals        :  298
		num tangents       :  1192
		num uvs            :  596
		num uvs2           :  0
		num colors         :  0
		num triangles      :  209
	processing begun of mesh:  base_Material #351_0
		processing begun of material:  Material_351.001
		Custom split normals with tangents being used
		num positions      :  372
		num normals        :  372
		num tangents       :  1488
		num uvs            :  744
		num uvs2           :  0
		num colors         :  0
		num triangles      :  410
	processing begun of mesh:  base_Material #352_0
		processing begun of material:  Material_352.001
		Custom split normals with tangents being used
		num positions      :  260
		num normals        :  260
		num tangents       :  1040
		num uvs            :  520
		num uvs2           :  0
		num colors         :  0
		num triangles      :  116
	processing begun of mesh:  base_Material #376_0
		processing begun of material:  Material_376.001
			processing texture 
				WARNING: Exception during copy:
					Ошибка: Не удалось сохранить изображение: Permission denied
Ошибка: Изображение «Image_11» не может быть сохранено в «C:\games\gui41\public\models\.»

		Custom split normals with tangents being used
		num positions      :  192
		num normals        :  192
		num tangents       :  768
		num uvs            :  384
		num uvs2           :  0
		num colors         :  0
		num triangles      :  216
	processing begun of mesh:  base_UNWRAPPED_0
		processing begun of material:  UNWRAPPED.001
			WARNING: unsupported node type(ShaderNodeSeparateColor) will trigger baking
			WARNING: unsupported node type(ShaderNodeSeparateColor) will trigger baking
			WARNING: Metal channel baking required, but not possible, ignored
			WARNING: Roughness channel baking required, but not possible, ignored
			processing texture 
				WARNING: Exception during copy:
					Ошибка: Не удалось сохранить изображение: Permission denied
Ошибка: Изображение «Image_3» не может быть сохранено в «C:\games\gui41\public\models\.»

			processing texture 
				WARNING: Exception during copy:
					Ошибка: Не удалось сохранить изображение: Permission denied
Ошибка: Изображение «Image_0.001» не может быть сохранено в «C:\games\gui41\public\models\.»

			processing texture 
				WARNING: Exception during copy:
					Ошибка: Не удалось сохранить изображение: Permission denied
Ошибка: Изображение «Image_1.001» не может быть сохранено в «C:\games\gui41\public\models\.»

			processing texture 
				WARNING: Exception during copy:
					Ошибка: Не удалось сохранить изображение: Permission denied
Ошибка: Изображение «Image_1.001» не может быть сохранено в «C:\games\gui41\public\models\.»

			processing texture 
				WARNING: Exception during copy:
					Ошибка: Не удалось сохранить изображение: Permission denied
Ошибка: Изображение «Image_2» не может быть сохранено в «C:\games\gui41\public\models\.»

			bake time:  0 min, 0.1136 secs
		Custom split normals with tangents being used
		num positions      :  11675
		num normals        :  11675
		num tangents       :  46700
		num uvs            :  23350
		num uvs2           :  0
		num colors         :  0
		num triangles      :  9862
	processing begun of node:  door1
	processing begun of mesh:  door1_Inside_0
		processing begun of material:  Inside.001
			WARNING: unsupported node type(ShaderNodeSeparateColor) will trigger baking
			WARNING: unsupported node type(ShaderNodeMath) will trigger baking
			WARNING: unsupported node type(ShaderNodeSeparateColor) will trigger baking
			WARNING: Metal channel baking required, but not possible, ignored
			WARNING: Roughness channel baking required, but not possible, ignored
			processing texture 
				WARNING: Exception during copy:
					Ошибка: Не удалось сохранить изображение: Permission denied
Ошибка: Изображение «Image_4» не может быть сохранено в «C:\games\gui41\public\models\.»

			processing texture 
				WARNING: Exception during copy:
					Ошибка: Не удалось сохранить изображение: Permission denied
Ошибка: Изображение «Image_5» не может быть сохранено в «C:\games\gui41\public\models\.»

			processing texture 
				WARNING: Exception during copy:
					Ошибка: Не удалось сохранить изображение: Permission denied
Ошибка: Изображение «Image_5» не может быть сохранено в «C:\games\gui41\public\models\.»

			bake time:  0 min, 0.006 secs
		Custom split normals with tangents being used
		num positions      :  18
		num normals        :  18
		num tangents       :  72
		num uvs            :  36
		num uvs2           :  0
		num colors         :  0
		num triangles      :  16
	processing begun of mesh:  door1_UNWRAPPED_0
		processing begun of material:  UNWRAPPED.001
			WARNING: unsupported node type(ShaderNodeSeparateColor) will trigger baking
			WARNING: unsupported node type(ShaderNodeSeparateColor) will trigger baking
			WARNING: Metal channel baking required, but not possible, ignored
			WARNING: Roughness channel baking required, but not possible, ignored
			processing texture 
				WARNING: Exception during copy:
					Ошибка: Не удалось сохранить изображение: Permission denied
Ошибка: Изображение «Image_3» не может быть сохранено в «C:\games\gui41\public\models\.»

			processing texture 
				WARNING: Exception during copy:
					Ошибка: Не удалось сохранить изображение: Permission denied
Ошибка: Изображение «Image_0.001» не может быть сохранено в «C:\games\gui41\public\models\.»

			processing texture 
				WARNING: Exception during copy:
					Ошибка: Не удалось сохранить изображение: Permission denied
Ошибка: Изображение «Image_1.001» не может быть сохранено в «C:\games\gui41\public\models\.»

			processing texture 
				WARNING: Exception during copy:
					Ошибка: Не удалось сохранить изображение: Permission denied
Ошибка: Изображение «Image_1.001» не может быть сохранено в «C:\games\gui41\public\models\.»

			processing texture 
				WARNING: Exception during copy:
					Ошибка: Не удалось сохранить изображение: Permission denied
Ошибка: Изображение «Image_2» не может быть сохранено в «C:\games\gui41\public\models\.»

			bake time:  0 min, 0.007 secs
		Custom split normals with tangents being used
		num positions      :  93
		num normals        :  93
		num tangents       :  372
		num uvs            :  186
		num uvs2           :  0
		num colors         :  0
		num triangles      :  70
	processing begun of node:  door3
	processing begun of mesh:  door3_Inside_0
		processing begun of material:  Inside.001
			WARNING: unsupported node type(ShaderNodeSeparateColor) will trigger baking
			WARNING: unsupported node type(ShaderNodeMath) will trigger baking
			WARNING: unsupported node type(ShaderNodeSeparateColor) will trigger baking
			WARNING: Metal channel baking required, but not possible, ignored
			WARNING: Roughness channel baking required, but not possible, ignored
			processing texture 
				WARNING: Exception during copy:
					Ошибка: Не удалось сохранить изображение: Permission denied
Ошибка: Изображение «Image_4» не может быть сохранено в «C:\games\gui41\public\models\.»

			processing texture 
				WARNING: Exception during copy:
					Ошибка: Не удалось сохранить изображение: Permission denied
Ошибка: Изображение «Image_5» не может быть сохранено в «C:\games\gui41\public\models\.»

			processing texture 
				WARNING: Exception during copy:
					Ошибка: Не удалось сохранить изображение: Permission denied
Ошибка: Изображение «Image_5» не может быть сохранено в «C:\games\gui41\public\models\.»

			bake time:  0 min, 0.007 secs
		Custom split normals with tangents being used
		num positions      :  43
		num normals        :  43
		num tangents       :  172
		num uvs            :  86
		num uvs2           :  0
		num colors         :  0
		num triangles      :  39
	processing begun of mesh:  door3_UNWRAPPED_0
		processing begun of material:  UNWRAPPED.001
			WARNING: unsupported node type(ShaderNodeSeparateColor) will trigger baking
			WARNING: unsupported node type(ShaderNodeSeparateColor) will trigger baking
			WARNING: Metal channel baking required, but not possible, ignored
			WARNING: Roughness channel baking required, but not possible, ignored
			processing texture 
				WARNING: Exception during copy:
					Ошибка: Не удалось сохранить изображение: Permission denied
Ошибка: Изображение «Image_3» не может быть сохранено в «C:\games\gui41\public\models\.»

			processing texture 
				WARNING: Exception during copy:
					Ошибка: Не удалось сохранить изображение: Permission denied
Ошибка: Изображение «Image_0.001» не может быть сохранено в «C:\games\gui41\public\models\.»

			processing texture 
				WARNING: Exception during copy:
					Ошибка: Не удалось сохранить изображение: Permission denied
Ошибка: Изображение «Image_1.001» не может быть сохранено в «C:\games\gui41\public\models\.»

			processing texture 
				WARNING: Exception during copy:
					Ошибка: Не удалось сохранить изображение: Permission denied
Ошибка: Изображение «Image_1.001» не может быть сохранено в «C:\games\gui41\public\models\.»

			processing texture 
				WARNING: Exception during copy:
					Ошибка: Не удалось сохранить изображение: Permission denied
Ошибка: Изображение «Image_2» не может быть сохранено в «C:\games\gui41\public\models\.»

			bake time:  0 min, 0.008 secs
		Custom split normals with tangents being used
		num positions      :  195
		num normals        :  195
		num tangents       :  780
		num uvs            :  390
		num uvs2           :  0
		num colors         :  0
		num triangles      :  163
	processing begun of node:  door4
	processing begun of mesh:  door4_Inside_0
		processing begun of material:  Inside.001
			WARNING: unsupported node type(ShaderNodeSeparateColor) will trigger baking
			WARNING: unsupported node type(ShaderNodeMath) will trigger baking
			WARNING: unsupported node type(ShaderNodeSeparateColor) will trigger baking
			WARNING: Metal channel baking required, but not possible, ignored
			WARNING: Roughness channel baking required, but not possible, ignored
			processing texture 
				WARNING: Exception during copy:
					Ошибка: Не удалось сохранить изображение: Permission denied
Ошибка: Изображение «Image_4» не может быть сохранено в «C:\games\gui41\public\models\.»

			processing texture 
				WARNING: Exception during copy:
					Ошибка: Не удалось сохранить изображение: Permission denied
Ошибка: Изображение «Image_5» не может быть сохранено в «C:\games\gui41\public\models\.»

			processing texture 
				WARNING: Exception during copy:
					Ошибка: Не удалось сохранить изображение: Permission denied
Ошибка: Изображение «Image_5» не может быть сохранено в «C:\games\gui41\public\models\.»

			bake time:  0 min, 0.008 secs
		Custom split normals with tangents being used
		num positions      :  25
		num normals        :  25
		num tangents       :  100
		num uvs            :  50
		num uvs2           :  0
		num colors         :  0
		num triangles      :  23
	processing begun of mesh:  door4_UNWRAPPED_0
		processing begun of material:  UNWRAPPED.001
			WARNING: unsupported node type(ShaderNodeSeparateColor) will trigger baking
			WARNING: unsupported node type(ShaderNodeSeparateColor) will trigger baking
			WARNING: Metal channel baking required, but not possible, ignored
			WARNING: Roughness channel baking required, but not possible, ignored
			processing texture 
				WARNING: Exception during copy:
					Ошибка: Не удалось сохранить изображение: Permission denied
Ошибка: Изображение «Image_3» не может быть сохранено в «C:\games\gui41\public\models\.»

			processing texture 
				WARNING: Exception during copy:
					Ошибка: Не удалось сохранить изображение: Permission denied
Ошибка: Изображение «Image_0.001» не может быть сохранено в «C:\games\gui41\public\models\.»

			processing texture 
				WARNING: Exception during copy:
					Ошибка: Не удалось сохранить изображение: Permission denied
Ошибка: Изображение «Image_1.001» не может быть сохранено в «C:\games\gui41\public\models\.»

			processing texture 
				WARNING: Exception during copy:
					Ошибка: Не удалось сохранить изображение: Permission denied
Ошибка: Изображение «Image_1.001» не может быть сохранено в «C:\games\gui41\public\models\.»

			processing texture 
				WARNING: Exception during copy:
					Ошибка: Не удалось сохранить изображение: Permission denied
Ошибка: Изображение «Image_2» не может быть сохранено в «C:\games\gui41\public\models\.»

			bake time:  0 min, 0.006 secs
		Custom split normals with tangents being used
		num positions      :  106
		num normals        :  106
		num tangents       :  424
		num uvs            :  212
		num uvs2           :  0
		num colors         :  0
		num triangles      :  93
	processing begun of node:  wheel1
	processing begun of mesh:  wheel1_Wheel_0
		processing begun of material:  Wheel.001
			WARNING: unsupported node type(ShaderNodeSeparateColor) will trigger baking
			WARNING: unsupported node type(ShaderNodeSeparateColor) will trigger baking
			WARNING: Metal channel baking required, but not possible, ignored
			WARNING: Roughness channel baking required, but not possible, ignored
			processing texture 
				WARNING: Exception during copy:
					Ошибка: Не удалось сохранить изображение: Permission denied
Ошибка: Изображение «Image_14» не может быть сохранено в «C:\games\gui41\public\models\.»

			processing texture 
				WARNING: Exception during copy:
					Ошибка: Не удалось сохранить изображение: Permission denied
Ошибка: Изображение «Image_12» не может быть сохранено в «C:\games\gui41\public\models\.»

			processing texture 
				WARNING: Exception during copy:
					Ошибка: Не удалось сохранить изображение: Permission denied
Ошибка: Изображение «Image_13» не может быть сохранено в «C:\games\gui41\public\models\.»

			processing texture 
				WARNING: Exception during copy:
					Ошибка: Не удалось сохранить изображение: Permission denied
Ошибка: Изображение «Image_13» не может быть сохранено в «C:\games\gui41\public\models\.»

			bake time:  0 min, 0.0398 secs
		Custom split normals with tangents being used
		num positions      :  7222
		num normals        :  7222
		num tangents       :  28888
		num uvs            :  14444
		num uvs2           :  0
		num colors         :  0
		num triangles      :  6474
	processing begun of node:  wheel2
	processing begun of mesh:  wheel2_Wheel_0
		processing begun of material:  Wheel.001
			WARNING: unsupported node type(ShaderNodeSeparateColor) will trigger baking
			WARNING: unsupported node type(ShaderNodeSeparateColor) will trigger baking
			WARNING: Metal channel baking required, but not possible, ignored
			WARNING: Roughness channel baking required, but not possible, ignored
			processing texture 
				WARNING: Exception during copy:
					Ошибка: Не удалось сохранить изображение: Permission denied
Ошибка: Изображение «Image_14» не может быть сохранено в «C:\games\gui41\public\models\.»

			processing texture 
				WARNING: Exception during copy:
					Ошибка: Не удалось сохранить изображение: Permission denied
Ошибка: Изображение «Image_12» не может быть сохранено в «C:\games\gui41\public\models\.»

			processing texture 
				WARNING: Exception during copy:
					Ошибка: Не удалось сохранить изображение: Permission denied
Ошибка: Изображение «Image_13» не может быть сохранено в «C:\games\gui41\public\models\.»

			processing texture 
				WARNING: Exception during copy:
					Ошибка: Не удалось сохранить изображение: Permission denied
Ошибка: Изображение «Image_13» не может быть сохранено в «C:\games\gui41\public\models\.»

			bake time:  0 min, 0.044 secs
		Custom split normals with tangents being used
		num positions      :  7087
		num normals        :  7087
		num tangents       :  28348
		num uvs            :  14174
		num uvs2           :  0
		num colors         :  0
		num triangles      :  6474
	processing begun of node:  wheel3
	processing begun of mesh:  wheel3_Wheel_0
		processing begun of material:  Wheel.001
			WARNING: unsupported node type(ShaderNodeSeparateColor) will trigger baking
			WARNING: unsupported node type(ShaderNodeSeparateColor) will trigger baking
			WARNING: Metal channel baking required, but not possible, ignored
			WARNING: Roughness channel baking required, but not possible, ignored
			processing texture 
				WARNING: Exception during copy:
					Ошибка: Не удалось сохранить изображение: Permission denied
Ошибка: Изображение «Image_14» не может быть сохранено в «C:\games\gui41\public\models\.»

			processing texture 
				WARNING: Exception during copy:
					Ошибка: Не удалось сохранить изображение: Permission denied
Ошибка: Изображение «Image_12» не может быть сохранено в «C:\games\gui41\public\models\.»

			processing texture 
				WARNING: Exception during copy:
					Ошибка: Не удалось сохранить изображение: Permission denied
Ошибка: Изображение «Image_13» не может быть сохранено в «C:\games\gui41\public\models\.»

			processing texture 
				WARNING: Exception during copy:
					Ошибка: Не удалось сохранить изображение: Permission denied
Ошибка: Изображение «Image_13» не может быть сохранено в «C:\games\gui41\public\models\.»

			bake time:  0 min, 0.048 secs
		Custom split normals with tangents being used
		num positions      :  7207
		num normals        :  7207
		num tangents       :  28828
		num uvs            :  14414
		num uvs2           :  0
		num colors         :  0
		num triangles      :  6474
	processing begun of node:  wheel4
	processing begun of mesh:  wheel4_Wheel_0.001
		processing begun of material:  Wheel.001
			WARNING: unsupported node type(ShaderNodeSeparateColor) will trigger baking
			WARNING: unsupported node type(ShaderNodeSeparateColor) will trigger baking
			WARNING: Metal channel baking required, but not possible, ignored
			WARNING: Roughness channel baking required, but not possible, ignored
			processing texture 
				WARNING: Exception during copy:
					Ошибка: Не удалось сохранить изображение: Permission denied
Ошибка: Изображение «Image_14» не может быть сохранено в «C:\games\gui41\public\models\.»

			processing texture 
				WARNING: Exception during copy:
					Ошибка: Не удалось сохранить изображение: Permission denied
Ошибка: Изображение «Image_12» не может быть сохранено в «C:\games\gui41\public\models\.»

			processing texture 
				WARNING: Exception during copy:
					Ошибка: Не удалось сохранить изображение: Permission denied
Ошибка: Изображение «Image_13» не может быть сохранено в «C:\games\gui41\public\models\.»

			processing texture 
				WARNING: Exception during copy:
					Ошибка: Не удалось сохранить изображение: Permission denied
Ошибка: Изображение «Image_13» не может быть сохранено в «C:\games\gui41\public\models\.»

			bake time:  0 min, 0.046 secs
		Custom split normals with tangents being used
		num positions      :  7020
		num normals        :  7020
		num tangents       :  28080
		num uvs            :  14040
		num uvs2           :  0
		num colors         :  0
		num triangles      :  6474
	processing begun of mesh:  Цилиндр.001
		processing begun of material:  Материал.001
			processing texture 
				WARNING: Exception during copy:
					Ошибка: Не удалось сохранить изображение: Permission denied
Ошибка: Изображение «barrell800.001» не может быть сохранено в «C:\games\gui41\public\models\.»

		Custom split normals with tangents being used
		num positions      :  192
		num normals        :  192
		num tangents       :  768
		num uvs            :  384
		num uvs2           :  0
		num colors         :  0
		num triangles      :  124
	processing begun of mesh:  Цилиндр.002
		processing begun of material:  Материал.002
			processing texture 
				WARNING: Exception during copy:
					Ошибка: Не удалось сохранить изображение: Permission denied
Ошибка: Изображение «barrell800.002» не может быть сохранено в «C:\games\gui41\public\models\.»

		Custom split normals with tangents being used
		num positions      :  192
		num normals        :  192
		num tangents       :  768
		num uvs            :  384
		num uvs2           :  0
		num colors         :  0
		num triangles      :  124
	processing begun of mesh:  Цилиндр.003
		processing begun of material:  Материал.003
			processing texture 
				WARNING: Exception during copy:
					Ошибка: Не удалось сохранить изображение: Permission denied
Ошибка: Изображение «barrell800.003» не может быть сохранено в «C:\games\gui41\public\models\.»

		Custom split normals with tangents being used
		num positions      :  192
		num normals        :  192
		num tangents       :  768
		num uvs            :  384
		num uvs2           :  0
		num colors         :  0
		num triangles      :  124
	processing begun of light (POINT):  Light
	processing begun of light (POINT):  Точечный источник
	processing begun of light (SPOT):  Прожектор
========= Writing of JSON file started =========
	writing mesh:  Cube_0
	writing mesh:  Cube_1
	writing mesh:  Cube_2
	writing mesh:  Cube_3
	writing mesh:  Цилиндр
	writing mesh:  base_Glass_0
	writing mesh:  base_Inside Fabric_0
	writing mesh:  base_Inside_0
	writing mesh:  base_Material #351_0
	writing mesh:  base_Material #352_0
	writing mesh:  base_Material #376_0
	writing mesh:  base_UNWRAPPED_0
	writing mesh:  door1_Inside_0
	writing mesh:  door1_UNWRAPPED_0
	writing mesh:  door3_Inside_0
	writing mesh:  door3_UNWRAPPED_0
	writing mesh:  door4_Inside_0
	writing mesh:  door4_UNWRAPPED_0
	writing mesh:  wheel1_Wheel_0
	writing mesh:  wheel2_Wheel_0
	writing mesh:  wheel3_Wheel_0
	writing mesh:  wheel4_Wheel_0.001
	writing mesh:  Цилиндр.001
	writing mesh:  Цилиндр.002
	writing mesh:  Цилиндр.003
========= Writing of JSON file completed =========
========= end of processing =========
elapsed time:  0 min, 10.1801 secs
